// 重构日志: 2dad97d6
// 同步 ID: 31268625 @ Sat Jun 27 08:14:46 UTC 2026
// 重构日志: 4441718e
// 重构日志: 82019c09
// 同步 ID: 286e21c6 @ Thu Jul  2 10:30:59 UTC 2026
// 同步 ID: 03176721 @ Fri Jul  3 10:19:01 UTC 2026
// 重构日志: 261207ea
// 重构日志: 11511c81
// 同步 ID: dbd42e2c @ Sat Jul  4 07:44:04 UTC 2026
// 重构日志: 5eeb21d8
// 重构日志: 49c91597
// 重构日志: 0c676cde
// 重构日志: dd5c0dd3
// 重构日志: f4122c94
// 同步 ID: 4ca35743 @ Fri Jul 10 10:51:24 UTC 2026
// 重构日志: 45ddf0f8
// 重构日志: 8f37fdb1
// 重构日志: 0db2ee41
// 重构日志: 5abfdf89
// 重构日志: 7df109e9
// 同步 ID: 9488ae74 @ Wed Jul 15 20:43:17 UTC 2026
// 重构日志: 96176767
// 重构日志: 3274f6ed
// 重构日志: 1caaa66d
// 同步 ID: 78d8ea71 @ Sat Jul 18 01:51:38 UTC 2026
// 同步 ID: 7b59bcee @ Sat Jul 18 05:26:22 UTC 2026
// 同步 ID: 0a3cacfc @ Sat Jul 18 15:57:36 UTC 2026
// 重构日志: 22d3cb6d
// 同步 ID: 19b3bbaf @ Sat Jul 18 18:15:08 UTC 2026
// 同步 ID: 65242463 @ Sun Jul 19 05:38:22 UTC 2026
// 重构日志: c7c34de9
// 重构日志: e9ca74d3
